# JRE version: OpenJDK Runtime Environment Temurin-21.0.10+7 (21.0.10+7) (build 21.0.10+7-LTS)
# Java VM: OpenJDK 64-Bit Server VM Temurin-21.0.10+7 (21.0.10+7-LTS, mixed mode, sharing, tiered, compressed oops, compressed class ptrs, g1 gc, windows-amd64)
GC Precious Log:
 CardTable entry size: 512
 Card Set container configuration: InlinePtr #cards 4 size 8 Array Of Cards #cards 16 size 48 Howl #buckets 8 coarsen threshold 3686 Howl Bitmap #cards 512 size 80 coarsen threshold 460 Card regions per heap region 1 cards per card region 4096
 CPUs: 12 total, 12 available
 Memory: 16088M
 Large Page Support: Disabled
 NUMA Support: Disabled
 Compressed Oops: Enabled (Zero based)
 Heap Region Size: 2M
 Heap Min Capacity: 8M
 Heap Initial Capacity: 252M
 Heap Max Capacity: 4024M
 Pre-touch: Disabled
 Parallel Workers: 10
 Concurrent Workers: 3
 Concurrent Refinement Workers: 10
 Periodic GC: Disabled
Heap:
 garbage-first heap   total 550912K, used 392409K [0x0000000704800000, 0x0000000800000000)
  region size 2048K, 41 young (83968K), 5 survivors (10240K)
 Metaspace       used 103862K, committed 104896K, reserved 1179648K
  class space    used 13803K, committed 14272K, reserved 1048576K
GC Heap History (20 events):
Event: 20.638 GC heap before
{Heap before GC invocations=24 (full 0):
 garbage-first heap   total 122880K, used 110353K [0x0000000704800000, 0x0000000800000000)
  region size 2048K, 32 young (65536K), 2 survivors (4096K)
 Metaspace       used 88732K, committed 89664K, reserved 1179648K
  class space    used 11864K, committed 12288K, reserved 1048576K
}
Event: 20.659 GC heap after
{Heap after GC invocations=25 (full 0):
 garbage-first heap   total 122880K, used 54182K [0x0000000704800000, 0x0000000800000000)
  region size 2048K, 4 young (8192K), 4 survivors (8192K)
 Metaspace       used 88732K, committed 89664K, reserved 1179648K
  class space    used 11864K, committed 12288K, reserved 1048576K
}
Event: 21.816 GC heap before
{Heap before GC invocations=25 (full 0):
 garbage-first heap   total 122880K, used 109478K [0x0000000704800000, 0x0000000800000000)
  region size 2048K, 31 young (63488K), 4 survivors (8192K)
 Metaspace       used 91380K, committed 92288K, reserved 1179648K
  class space    used 12168K, committed 12608K, reserved 1048576K
}
Event: 21.836 GC heap after
{Heap after GC invocations=26 (full 0):
 garbage-first heap   total 153600K, used 58325K [0x0000000704800000, 0x0000000800000000)
  region size 2048K, 3 young (6144K), 3 survivors (6144K)
 Metaspace       used 91380K, committed 92288K, reserved 1179648K
  class space    used 12168K, committed 12608K, reserved 1048576K
}
Event: 25.607 GC heap before
{Heap before GC invocations=26 (full 0):
 garbage-first heap   total 153600K, used 136149K [0x0000000704800000, 0x0000000800000000)
  region size 2048K, 41 young (83968K), 3 survivors (6144K)
 Metaspace       used 98298K, committed 99328K, reserved 1179648K
  class space    used 13182K, committed 13632K, reserved 1048576K
}
Event: 25.625 GC heap after
{Heap after GC invocations=27 (full 0):
 garbage-first heap   total 153600K, used 62980K [0x0000000704800000, 0x0000000800000000)
  region size 2048K, 5 young (10240K), 5 survivors (10240K)
 Metaspace       used 98298K, committed 99328K, reserved 1179648K
  class space    used 13182K, committed 13632K, reserved 1048576K
}
Event: 65.482 GC heap before
{Heap before GC invocations=28 (full 0):
 garbage-first heap   total 243712K, used 241156K [0x0000000704800000, 0x0000000800000000)
  region size 2048K, 38 young (77824K), 5 survivors (10240K)
 Metaspace       used 101163K, committed 102208K, reserved 1179648K
  class space    used 13530K, committed 14016K, reserved 1048576K
}
Event: 65.505 GC heap after
{Heap after GC invocations=29 (full 0):
 garbage-first heap   total 272384K, used 98651K [0x0000000704800000, 0x0000000800000000)
  region size 2048K, 6 young (12288K), 6 survivors (12288K)
 Metaspace       used 101163K, committed 102208K, reserved 1179648K
  class space    used 13530K, committed 14016K, reserved 1048576K
}
Event: 70.042 GC heap before
{Heap before GC invocations=29 (full 0):
 garbage-first heap   total 299008K, used 295259K [0x0000000704800000, 0x0000000800000000)
  region size 2048K, 32 young (65536K), 6 survivors (12288K)
 Metaspace       used 102310K, committed 103424K, reserved 1179648K
  class space    used 13673K, committed 14144K, reserved 1048576K
}
Event: 70.066 GC heap after
{Heap after GC invocations=30 (full 0):
 garbage-first heap   total 333824K, used 131989K [0x0000000704800000, 0x0000000800000000)
  region size 2048K, 9 young (18432K), 9 survivors (18432K)
 Metaspace       used 102310K, committed 103424K, reserved 1179648K
  class space    used 13673K, committed 14144K, reserved 1048576K
}
Event: 70.136 GC heap before
{Heap before GC invocations=30 (full 0):
 garbage-first heap   total 333824K, used 138133K [0x0000000704800000, 0x0000000800000000)
  region size 2048K, 13 young (26624K), 9 survivors (18432K)
 Metaspace       used 102314K, committed 103424K, reserved 1179648K
  class space    used 13673K, committed 14144K, reserved 1048576K
}
Event: 70.143 GC heap after
{Heap after GC invocations=31 (full 0):
 garbage-first heap   total 333824K, used 140242K [0x0000000704800000, 0x0000000800000000)
  region size 2048K, 4 young (8192K), 4 survivors (8192K)
 Metaspace       used 102314K, committed 103424K, reserved 1179648K
  class space    used 13673K, committed 14144K, reserved 1048576K
}
Event: 81.995 GC heap before
{Heap before GC invocations=32 (full 0):
 garbage-first heap   total 385024K, used 383954K [0x0000000704800000, 0x0000000800000000)
  region size 2048K, 38 young (77824K), 4 survivors (8192K)
 Metaspace       used 103254K, committed 104320K, reserved 1179648K
  class space    used 13784K, committed 14272K, reserved 1048576K
}
Event: 82.003 GC heap after
{Heap after GC invocations=33 (full 0):
 garbage-first heap   total 395264K, used 126976K [0x0000000704800000, 0x0000000800000000)
  region size 2048K, 5 young (10240K), 5 survivors (10240K)
 Metaspace       used 103254K, committed 104320K, reserved 1179648K
  class space    used 13784K, committed 14272K, reserved 1048576K
}
Event: 101.647 GC heap before
{Heap before GC invocations=33 (full 0):
 garbage-first heap   total 432128K, used 432128K [0x0000000704800000, 0x0000000800000000)
  region size 2048K, 47 young (96256K), 5 survivors (10240K)
 Metaspace       used 103570K, committed 104640K, reserved 1179648K
  class space    used 13799K, committed 14272K, reserved 1048576K
}
Event: 101.658 GC heap after
{Heap after GC invocations=34 (full 0):
 garbage-first heap   total 450560K, used 124011K [0x0000000704800000, 0x0000000800000000)
  region size 2048K, 8 young (16384K), 8 survivors (16384K)
 Metaspace       used 103570K, committed 104640K, reserved 1179648K
  class space    used 13799K, committed 14272K, reserved 1048576K
}
Event: 101.843 GC heap before
{Heap before GC invocations=34 (full 0):
 garbage-first heap   total 450560K, used 148587K [0x0000000704800000, 0x0000000800000000)
  region size 2048K, 21 young (43008K), 8 survivors (16384K)
 Metaspace       used 103578K, committed 104640K, reserved 1179648K
  class space    used 13799K, committed 14272K, reserved 1048576K
}
Event: 101.852 GC heap after
{Heap after GC invocations=35 (full 0):
 garbage-first heap   total 450560K, used 142738K [0x0000000704800000, 0x0000000800000000)
  region size 2048K, 14 young (28672K), 14 survivors (28672K)
 Metaspace       used 103578K, committed 104640K, reserved 1179648K
  class space    used 13799K, committed 14272K, reserved 1048576K
}
Event: 111.395 GC heap before
{Heap before GC invocations=36 (full 0):
 garbage-first heap   total 538624K, used 538002K [0x0000000704800000, 0x0000000800000000)
  region size 2048K, 57 young (116736K), 14 survivors (28672K)
 Metaspace       used 103751K, committed 104832K, reserved 1179648K
  class space    used 13800K, committed 14272K, reserved 1048576K
}
Event: 111.401 GC heap after
{Heap after GC invocations=37 (full 0):
 garbage-first heap   total 550912K, used 99545K [0x0000000704800000, 0x0000000800000000)
  region size 2048K, 5 young (10240K), 5 survivors (10240K)
 Metaspace       used 103751K, committed 104832K, reserved 1179648K
  class space    used 13800K, committed 14272K, reserved 1048576K
}

