# JRE version: OpenJDK Runtime Environment Temurin-21.0.10+7 (21.0.10+7) (build 21.0.10+7-LTS)
# Java VM: OpenJDK 64-Bit Server VM Temurin-21.0.10+7 (21.0.10+7-LTS, mixed mode, sharing, tiered, compressed oops, compressed class ptrs, g1 gc, windows-amd64)
GC Precious Log:
 CardTable entry size: 512
 Card Set container configuration: InlinePtr #cards 4 size 8 Array Of Cards #cards 16 size 48 Howl #buckets 8 coarsen threshold 3686 Howl Bitmap #cards 512 size 80 coarsen threshold 460 Card regions per heap region 1 cards per card region 4096
 CPUs: 12 total, 12 available
 Memory: 16088M
 Large Page Support: Disabled
 NUMA Support: Disabled
 Compressed Oops: Enabled (Zero based)
 Heap Region Size: 2M
 Heap Min Capacity: 8M
 Heap Initial Capacity: 252M
 Heap Max Capacity: 4024M
 Pre-touch: Disabled
 Parallel Workers: 10
 Concurrent Workers: 3
 Concurrent Refinement Workers: 10
 Periodic GC: Disabled
Heap:
 garbage-first heap   total 161792K, used 137394K [0x0000000704800000, 0x0000000800000000)
  region size 2048K, 41 young (83968K), 5 survivors (10240K)
 Metaspace       used 100659K, committed 101696K, reserved 1179648K
  class space    used 13475K, committed 13952K, reserved 1048576K
GC Heap History (20 events):
Event: 9.609 GC heap after
{Heap after GC invocations=17 (full 0):
 garbage-first heap   total 96256K, used 43976K [0x0000000704800000, 0x0000000800000000)
  region size 2048K, 3 young (6144K), 3 survivors (6144K)
 Metaspace       used 82150K, committed 82816K, reserved 1179648K
  class space    used 10868K, committed 11136K, reserved 1048576K
}
Event: 10.360 GC heap before
{Heap before GC invocations=18 (full 0):
 garbage-first heap   total 96256K, used 84936K [0x0000000704800000, 0x0000000800000000)
  region size 2048K, 23 young (47104K), 3 survivors (6144K)
 Metaspace       used 85086K, committed 85824K, reserved 1179648K
  class space    used 11449K, committed 11776K, reserved 1048576K
}
Event: 10.374 GC heap after
{Heap after GC invocations=19 (full 0):
 garbage-first heap   total 96256K, used 48285K [0x0000000704800000, 0x0000000800000000)
  region size 2048K, 3 young (6144K), 3 survivors (6144K)
 Metaspace       used 85086K, committed 85824K, reserved 1179648K
  class space    used 11449K, committed 11776K, reserved 1048576K
}
Event: 10.543 GC heap before
{Heap before GC invocations=19 (full 0):
 garbage-first heap   total 96256K, used 85149K [0x0000000704800000, 0x0000000800000000)
  region size 2048K, 21 young (43008K), 3 survivors (6144K)
 Metaspace       used 85210K, committed 85952K, reserved 1179648K
  class space    used 11463K, committed 11776K, reserved 1048576K
}
Event: 10.552 GC heap after
{Heap after GC invocations=20 (full 0):
 garbage-first heap   total 98304K, used 51514K [0x0000000704800000, 0x0000000800000000)
  region size 2048K, 2 young (4096K), 2 survivors (4096K)
 Metaspace       used 85210K, committed 85952K, reserved 1179648K
  class space    used 11463K, committed 11776K, reserved 1048576K
}
Event: 10.670 GC heap before
{Heap before GC invocations=20 (full 0):
 garbage-first heap   total 98304K, used 86330K [0x0000000704800000, 0x0000000800000000)
  region size 2048K, 19 young (38912K), 2 survivors (4096K)
 Metaspace       used 85255K, committed 85952K, reserved 1179648K
  class space    used 11463K, committed 11776K, reserved 1048576K
}
Event: 10.674 GC heap after
{Heap after GC invocations=21 (full 0):
 garbage-first heap   total 118784K, used 51455K [0x0000000704800000, 0x0000000800000000)
  region size 2048K, 2 young (4096K), 2 survivors (4096K)
 Metaspace       used 85255K, committed 85952K, reserved 1179648K
  class space    used 11463K, committed 11776K, reserved 1048576K
}
Event: 10.959 GC heap before
{Heap before GC invocations=22 (full 0):
 garbage-first heap   total 118784K, used 104703K [0x0000000704800000, 0x0000000800000000)
  region size 2048K, 28 young (57344K), 2 survivors (4096K)
 Metaspace       used 85313K, committed 86016K, reserved 1179648K
  class space    used 11477K, committed 11776K, reserved 1048576K
}
Event: 10.963 GC heap after
{Heap after GC invocations=23 (full 0):
 garbage-first heap   total 118784K, used 51713K [0x0000000704800000, 0x0000000800000000)
  region size 2048K, 2 young (4096K), 2 survivors (4096K)
 Metaspace       used 85313K, committed 86016K, reserved 1179648K
  class space    used 11477K, committed 11776K, reserved 1048576K
}
Event: 11.272 GC heap before
{Heap before GC invocations=23 (full 0):
 garbage-first heap   total 118784K, used 109057K [0x0000000704800000, 0x0000000800000000)
  region size 2048K, 30 young (61440K), 2 survivors (4096K)
 Metaspace       used 85418K, committed 86080K, reserved 1179648K
  class space    used 11483K, committed 11776K, reserved 1048576K
}
Event: 11.281 GC heap after
{Heap after GC invocations=24 (full 0):
 garbage-first heap   total 118784K, used 52308K [0x0000000704800000, 0x0000000800000000)
  region size 2048K, 3 young (6144K), 3 survivors (6144K)
 Metaspace       used 85418K, committed 86080K, reserved 1179648K
  class space    used 11483K, committed 11776K, reserved 1048576K
}
Event: 11.808 GC heap before
{Heap before GC invocations=24 (full 0):
 garbage-first heap   total 118784K, used 107604K [0x0000000704800000, 0x0000000800000000)
  region size 2048K, 30 young (61440K), 3 survivors (6144K)
 Metaspace       used 86705K, committed 87552K, reserved 1179648K
  class space    used 11642K, committed 12032K, reserved 1048576K
}
Event: 11.815 GC heap after
{Heap after GC invocations=25 (full 0):
 garbage-first heap   total 118784K, used 54579K [0x0000000704800000, 0x0000000800000000)
  region size 2048K, 3 young (6144K), 3 survivors (6144K)
 Metaspace       used 86705K, committed 87552K, reserved 1179648K
  class space    used 11642K, committed 12032K, reserved 1048576K
}
Event: 12.530 GC heap before
{Heap before GC invocations=26 (full 0):
 garbage-first heap   total 118784K, used 105779K [0x0000000704800000, 0x0000000800000000)
  region size 2048K, 29 young (59392K), 3 survivors (6144K)
 Metaspace       used 88658K, committed 89536K, reserved 1179648K
  class space    used 11863K, committed 12288K, reserved 1048576K
}
Event: 12.538 GC heap after
{Heap after GC invocations=27 (full 0):
 garbage-first heap   total 118784K, used 56791K [0x0000000704800000, 0x0000000800000000)
  region size 2048K, 4 young (8192K), 4 survivors (8192K)
 Metaspace       used 88658K, committed 89536K, reserved 1179648K
  class space    used 11863K, committed 12288K, reserved 1048576K
}
Event: 13.702 GC heap before
{Heap before GC invocations=27 (full 0):
 garbage-first heap   total 118784K, used 107991K [0x0000000704800000, 0x0000000800000000)
  region size 2048K, 29 young (59392K), 4 survivors (8192K)
 Metaspace       used 91421K, committed 92352K, reserved 1179648K
  class space    used 12176K, committed 12608K, reserved 1048576K
}
Event: 13.715 GC heap after
{Heap after GC invocations=28 (full 0):
 garbage-first heap   total 122880K, used 59382K [0x0000000704800000, 0x0000000800000000)
  region size 2048K, 3 young (6144K), 3 survivors (6144K)
 Metaspace       used 91421K, committed 92352K, reserved 1179648K
  class space    used 12176K, committed 12608K, reserved 1048576K
}
Event: 15.284 GC heap before
{Heap before GC invocations=28 (full 0):
 garbage-first heap   total 122880K, used 112630K [0x0000000704800000, 0x0000000800000000)
  region size 2048K, 29 young (59392K), 3 survivors (6144K)
 Metaspace       used 95534K, committed 96640K, reserved 1179648K
  class space    used 12789K, committed 13312K, reserved 1048576K
}
Event: 15.295 GC heap after
{Heap after GC invocations=29 (full 0):
 garbage-first heap   total 151552K, used 63666K [0x0000000704800000, 0x0000000800000000)
  region size 2048K, 4 young (8192K), 4 survivors (8192K)
 Metaspace       used 95534K, committed 96640K, reserved 1179648K
  class space    used 12789K, committed 13312K, reserved 1048576K
}
Event: 100.382 GC heap before
{Heap before GC invocations=30 (full 0):
 garbage-first heap   total 151552K, used 137394K [0x0000000704800000, 0x0000000800000000)
  region size 2048K, 40 young (81920K), 4 survivors (8192K)
 Metaspace       used 100659K, committed 101696K, reserved 1179648K
  class space    used 13475K, committed 13952K, reserved 1048576K
}

