# JRE version: OpenJDK Runtime Environment Temurin-21.0.10+7 (21.0.10+7) (build 21.0.10+7-LTS)
# Java VM: OpenJDK 64-Bit Server VM Temurin-21.0.10+7 (21.0.10+7-LTS, mixed mode, sharing, tiered, compressed oops, compressed class ptrs, g1 gc, windows-amd64)
GC Precious Log:
 CardTable entry size: 512
 Card Set container configuration: InlinePtr #cards 4 size 8 Array Of Cards #cards 16 size 48 Howl #buckets 8 coarsen threshold 3686 Howl Bitmap #cards 512 size 80 coarsen threshold 460 Card regions per heap region 1 cards per card region 4096
 CPUs: 12 total, 12 available
 Memory: 16088M
 Large Page Support: Disabled
 NUMA Support: Disabled
 Compressed Oops: Enabled (Zero based)
 Heap Region Size: 2M
 Heap Min Capacity: 8M
 Heap Initial Capacity: 252M
 Heap Max Capacity: 4024M
 Pre-touch: Disabled
 Parallel Workers: 10
 Concurrent Workers: 3
 Concurrent Refinement Workers: 10
 Periodic GC: Disabled
Heap:
 garbage-first heap   total 378880K, used 153095K [0x0000000704800000, 0x0000000800000000)
  region size 2048K, 20 young (40960K), 6 survivors (12288K)
 Metaspace       used 102288K, committed 103360K, reserved 1179648K
  class space    used 13668K, committed 14144K, reserved 1048576K
GC Heap History (20 events):
Event: 13.537 GC heap before
{Heap before GC invocations=26 (full 0):
 garbage-first heap   total 120832K, used 111950K [0x0000000704800000, 0x0000000800000000)
  region size 2048K, 31 young (63488K), 3 survivors (6144K)
 Metaspace       used 88483K, committed 89344K, reserved 1179648K
  class space    used 11869K, committed 12288K, reserved 1048576K
}
Event: 13.542 GC heap after
{Heap after GC invocations=27 (full 0):
 garbage-first heap   total 122880K, used 57472K [0x0000000704800000, 0x0000000800000000)
  region size 2048K, 4 young (8192K), 4 survivors (8192K)
 Metaspace       used 88483K, committed 89344K, reserved 1179648K
  class space    used 11869K, committed 12288K, reserved 1048576K
}
Event: 14.369 GC heap before
{Heap before GC invocations=27 (full 0):
 garbage-first heap   total 122880K, used 112768K [0x0000000704800000, 0x0000000800000000)
  region size 2048K, 31 young (63488K), 4 survivors (8192K)
 Metaspace       used 92379K, committed 93312K, reserved 1179648K
  class space    used 12351K, committed 12800K, reserved 1048576K
}
Event: 14.375 GC heap after
{Heap after GC invocations=28 (full 0):
 garbage-first heap   total 126976K, used 60126K [0x0000000704800000, 0x0000000800000000)
  region size 2048K, 3 young (6144K), 3 survivors (6144K)
 Metaspace       used 92379K, committed 93312K, reserved 1179648K
  class space    used 12351K, committed 12800K, reserved 1048576K
}
Event: 15.307 GC heap before
{Heap before GC invocations=28 (full 0):
 garbage-first heap   total 126976K, used 113374K [0x0000000704800000, 0x0000000800000000)
  region size 2048K, 30 young (61440K), 3 survivors (6144K)
 Metaspace       used 97742K, committed 98880K, reserved 1179648K
  class space    used 13130K, committed 13632K, reserved 1048576K
}
Event: 15.313 GC heap after
{Heap after GC invocations=29 (full 0):
 garbage-first heap   total 126976K, used 64068K [0x0000000704800000, 0x0000000800000000)
  region size 2048K, 4 young (8192K), 4 survivors (8192K)
 Metaspace       used 97742K, committed 98880K, reserved 1179648K
  class space    used 13130K, committed 13632K, reserved 1048576K
}
Event: 23.052 GC heap before
{Heap before GC invocations=30 (full 0):
 garbage-first heap   total 155648K, used 154180K [0x0000000704800000, 0x0000000800000000)
  region size 2048K, 21 young (43008K), 4 survivors (8192K)
 Metaspace       used 100536K, committed 101568K, reserved 1179648K
  class space    used 13481K, committed 13952K, reserved 1048576K
}
Event: 23.060 GC heap after
{Heap after GC invocations=31 (full 0):
 garbage-first heap   total 165888K, used 73287K [0x0000000704800000, 0x0000000800000000)
  region size 2048K, 3 young (6144K), 3 survivors (6144K)
 Metaspace       used 100536K, committed 101568K, reserved 1179648K
  class space    used 13481K, committed 13952K, reserved 1048576K
}
Event: 29.057 GC heap before
{Heap before GC invocations=31 (full 0):
 garbage-first heap   total 165888K, used 161351K [0x0000000704800000, 0x0000000800000000)
  region size 2048K, 20 young (40960K), 3 survivors (6144K)
 Metaspace       used 101314K, committed 102336K, reserved 1179648K
  class space    used 13572K, committed 14016K, reserved 1048576K
}
Event: 29.072 GC heap after
{Heap after GC invocations=32 (full 0):
 garbage-first heap   total 180224K, used 69687K [0x0000000704800000, 0x0000000800000000)
  region size 2048K, 6 young (12288K), 6 survivors (12288K)
 Metaspace       used 101314K, committed 102336K, reserved 1179648K
  class space    used 13572K, committed 14016K, reserved 1048576K
}
Event: 29.080 GC heap before
{Heap before GC invocations=32 (full 0):
 garbage-first heap   total 180224K, used 77879K [0x0000000704800000, 0x0000000800000000)
  region size 2048K, 7 young (14336K), 6 survivors (12288K)
 Metaspace       used 101419K, committed 102464K, reserved 1179648K
  class space    used 13577K, committed 14016K, reserved 1048576K
}
Event: 29.091 GC heap after
{Heap after GC invocations=33 (full 0):
 garbage-first heap   total 180224K, used 78745K [0x0000000704800000, 0x0000000800000000)
  region size 2048K, 1 young (2048K), 1 survivors (2048K)
 Metaspace       used 101419K, committed 102464K, reserved 1179648K
  class space    used 13577K, committed 14016K, reserved 1048576K
}
Event: 29.670 GC heap before
{Heap before GC invocations=34 (full 0):
 garbage-first heap   total 188416K, used 187289K [0x0000000704800000, 0x0000000800000000)
  region size 2048K, 14 young (28672K), 1 survivors (2048K)
 Metaspace       used 101749K, committed 102784K, reserved 1179648K
  class space    used 13623K, committed 14080K, reserved 1048576K
}
Event: 29.691 GC heap after
{Heap after GC invocations=35 (full 0):
 garbage-first heap   total 210944K, used 112640K [0x0000000704800000, 0x0000000800000000)
  region size 2048K, 5 young (10240K), 5 survivors (10240K)
 Metaspace       used 101749K, committed 102784K, reserved 1179648K
  class space    used 13623K, committed 14080K, reserved 1048576K
}
Event: 46.240 GC heap before
{Heap before GC invocations=35 (full 0):
 garbage-first heap   total 262144K, used 262144K [0x0000000704800000, 0x0000000800000000)
  region size 2048K, 24 young (49152K), 5 survivors (10240K)
 Metaspace       used 102004K, committed 103040K, reserved 1179648K
  class space    used 13645K, committed 14080K, reserved 1048576K
}
Event: 46.256 GC heap after
{Heap after GC invocations=36 (full 0):
 garbage-first heap   total 366592K, used 119391K [0x0000000704800000, 0x0000000800000000)
  region size 2048K, 4 young (8192K), 4 survivors (8192K)
 Metaspace       used 102004K, committed 103040K, reserved 1179648K
  class space    used 13645K, committed 14080K, reserved 1048576K
}
Event: 46.351 GC heap before
{Heap before GC invocations=36 (full 0):
 garbage-first heap   total 366592K, used 127583K [0x0000000704800000, 0x0000000800000000)
  region size 2048K, 9 young (18432K), 4 survivors (8192K)
 Metaspace       used 102004K, committed 103040K, reserved 1179648K
  class space    used 13645K, committed 14080K, reserved 1048576K
}
Event: 46.361 GC heap after
{Heap after GC invocations=37 (full 0):
 garbage-first heap   total 366592K, used 126271K [0x0000000704800000, 0x0000000800000000)
  region size 2048K, 8 young (16384K), 8 survivors (16384K)
 Metaspace       used 102004K, committed 103040K, reserved 1179648K
  class space    used 13645K, committed 14080K, reserved 1048576K
}
Event: 98.743 GC heap before
{Heap before GC invocations=38 (full 0):
 garbage-first heap   total 366592K, used 361791K [0x0000000704800000, 0x0000000800000000)
  region size 2048K, 47 young (96256K), 8 survivors (16384K)
 Metaspace       used 102287K, committed 103360K, reserved 1179648K
  class space    used 13668K, committed 14144K, reserved 1048576K
}
Event: 98.750 GC heap after
{Heap after GC invocations=39 (full 0):
 garbage-first heap   total 378880K, used 99847K [0x0000000704800000, 0x0000000800000000)
  region size 2048K, 6 young (12288K), 6 survivors (12288K)
 Metaspace       used 102287K, committed 103360K, reserved 1179648K
  class space    used 13668K, committed 14144K, reserved 1048576K
}

