# JRE version: OpenJDK Runtime Environment Temurin-21.0.10+7 (21.0.10+7) (build 21.0.10+7-LTS)
# Java VM: OpenJDK 64-Bit Server VM Temurin-21.0.10+7 (21.0.10+7-LTS, mixed mode, sharing, tiered, compressed oops, compressed class ptrs, g1 gc, windows-amd64)
GC Precious Log:
 CardTable entry size: 512
 Card Set container configuration: InlinePtr #cards 4 size 8 Array Of Cards #cards 16 size 48 Howl #buckets 8 coarsen threshold 3686 Howl Bitmap #cards 512 size 80 coarsen threshold 460 Card regions per heap region 1 cards per card region 4096
 CPUs: 12 total, 12 available
 Memory: 16088M
 Large Page Support: Disabled
 NUMA Support: Disabled
 Compressed Oops: Enabled (Zero based)
 Heap Region Size: 2M
 Heap Min Capacity: 8M
 Heap Initial Capacity: 252M
 Heap Max Capacity: 4024M
 Pre-touch: Disabled
 Parallel Workers: 10
 Concurrent Workers: 3
 Concurrent Refinement Workers: 10
 Periodic GC: Disabled
Heap:
 garbage-first heap   total 219136K, used 128990K [0x0000000704800000, 0x0000000800000000)
  region size 2048K, 35 young (71680K), 0 survivors (0K)
 Metaspace       used 128754K, committed 130560K, reserved 1179648K
  class space    used 15786K, committed 16640K, reserved 1048576K
GC Heap History (20 events):
Event: 3750.991 GC heap before
{Heap before GC invocations=107 (full 3):
 garbage-first heap   total 212992K, used 119933K [0x0000000704800000, 0x0000000800000000)
  region size 2048K, 31 young (63488K), 0 survivors (0K)
 Metaspace       used 121565K, committed 123200K, reserved 1179648K
  class space    used 15222K, committed 16000K, reserved 1048576K
}
Event: 3750.996 GC heap after
{Heap after GC invocations=108 (full 3):
 garbage-first heap   total 212992K, used 63189K [0x0000000704800000, 0x0000000800000000)
  region size 2048K, 4 young (8192K), 4 survivors (8192K)
 Metaspace       used 121565K, committed 123200K, reserved 1179648K
  class space    used 15222K, committed 16000K, reserved 1048576K
}
Event: 3752.908 GC heap before
{Heap before GC invocations=109 (full 3):
 garbage-first heap   total 212992K, used 130773K [0x0000000704800000, 0x0000000800000000)
  region size 2048K, 37 young (75776K), 4 survivors (8192K)
 Metaspace       used 121988K, committed 123584K, reserved 1179648K
  class space    used 15263K, committed 16064K, reserved 1048576K
}
Event: 3752.915 GC heap after
{Heap after GC invocations=110 (full 3):
 garbage-first heap   total 212992K, used 66959K [0x0000000704800000, 0x0000000800000000)
  region size 2048K, 3 young (6144K), 3 survivors (6144K)
 Metaspace       used 121988K, committed 123584K, reserved 1179648K
  class space    used 15263K, committed 16064K, reserved 1048576K
}
Event: 3755.178 GC heap before
{Heap before GC invocations=110 (full 3):
 garbage-first heap   total 212992K, used 138639K [0x0000000704800000, 0x0000000800000000)
  region size 2048K, 38 young (77824K), 3 survivors (6144K)
 Metaspace       used 122694K, committed 124288K, reserved 1179648K
  class space    used 15301K, committed 16064K, reserved 1048576K
}
Event: 3755.182 GC heap after
{Heap after GC invocations=111 (full 3):
 garbage-first heap   total 212992K, used 71040K [0x0000000704800000, 0x0000000800000000)
  region size 2048K, 4 young (8192K), 4 survivors (8192K)
 Metaspace       used 122694K, committed 124288K, reserved 1179648K
  class space    used 15301K, committed 16064K, reserved 1048576K
}
Event: 3755.925 GC heap before
{Heap before GC invocations=111 (full 3):
 garbage-first heap   total 212992K, used 148864K [0x0000000704800000, 0x0000000800000000)
  region size 2048K, 42 young (86016K), 4 survivors (8192K)
 Metaspace       used 124104K, committed 125888K, reserved 1179648K
  class space    used 15425K, committed 16256K, reserved 1048576K
}
Event: 3755.931 GC heap after
{Heap after GC invocations=112 (full 3):
 garbage-first heap   total 212992K, used 75251K [0x0000000704800000, 0x0000000800000000)
  region size 2048K, 4 young (8192K), 4 survivors (8192K)
 Metaspace       used 124104K, committed 125888K, reserved 1179648K
  class space    used 15425K, committed 16256K, reserved 1048576K
}
Event: 3763.192 GC heap before
{Heap before GC invocations=113 (full 3):
 garbage-first heap   total 227328K, used 208371K [0x0000000704800000, 0x0000000800000000)
  region size 2048K, 30 young (61440K), 4 survivors (8192K)
 Metaspace       used 124200K, committed 125952K, reserved 1179648K
  class space    used 15439K, committed 16256K, reserved 1048576K
}
Event: 3763.275 GC heap after
{Heap after GC invocations=114 (full 4):
 garbage-first heap   total 225280K, used 57435K [0x0000000704800000, 0x0000000800000000)
  region size 2048K, 0 young (0K), 0 survivors (0K)
 Metaspace       used 124131K, committed 125952K, reserved 1179648K
  class space    used 15429K, committed 16256K, reserved 1048576K
}
Event: 3764.502 GC heap before
{Heap before GC invocations=114 (full 4):
 garbage-first heap   total 225280K, used 149595K [0x0000000704800000, 0x0000000800000000)
  region size 2048K, 46 young (94208K), 0 survivors (0K)
 Metaspace       used 125205K, committed 126976K, reserved 1179648K
  class space    used 15511K, committed 16384K, reserved 1048576K
}
Event: 3764.509 GC heap after
{Heap after GC invocations=115 (full 4):
 garbage-first heap   total 225280K, used 66584K [0x0000000704800000, 0x0000000800000000)
  region size 2048K, 5 young (10240K), 5 survivors (10240K)
 Metaspace       used 125205K, committed 126976K, reserved 1179648K
  class space    used 15511K, committed 16384K, reserved 1048576K
}
Event: 3765.610 GC heap before
{Heap before GC invocations=116 (full 4):
 garbage-first heap   total 225280K, used 160792K [0x0000000704800000, 0x0000000800000000)
  region size 2048K, 51 young (104448K), 5 survivors (10240K)
 Metaspace       used 126186K, committed 127936K, reserved 1179648K
  class space    used 15581K, committed 16448K, reserved 1048576K
}
Event: 3765.616 GC heap after
{Heap after GC invocations=117 (full 4):
 garbage-first heap   total 225280K, used 70831K [0x0000000704800000, 0x0000000800000000)
  region size 2048K, 3 young (6144K), 3 survivors (6144K)
 Metaspace       used 126186K, committed 127936K, reserved 1179648K
  class space    used 15581K, committed 16448K, reserved 1048576K
}
Event: 3766.673 GC heap before
{Heap before GC invocations=117 (full 4):
 garbage-first heap   total 225280K, used 167087K [0x0000000704800000, 0x0000000800000000)
  region size 2048K, 50 young (102400K), 3 survivors (6144K)
 Metaspace       used 127740K, committed 129600K, reserved 1179648K
  class space    used 15712K, committed 16576K, reserved 1048576K
}
Event: 3766.678 GC heap after
{Heap after GC invocations=118 (full 4):
 garbage-first heap   total 225280K, used 76310K [0x0000000704800000, 0x0000000800000000)
  region size 2048K, 5 young (10240K), 5 survivors (10240K)
 Metaspace       used 127740K, committed 129600K, reserved 1179648K
  class space    used 15712K, committed 16576K, reserved 1048576K
}
Event: 3873.488 GC heap before
{Heap before GC invocations=118 (full 4):
 garbage-first heap   total 225280K, used 141846K [0x0000000704800000, 0x0000000800000000)
  region size 2048K, 38 young (77824K), 5 survivors (10240K)
 Metaspace       used 127814K, committed 129664K, reserved 1179648K
  class space    used 15718K, committed 16576K, reserved 1048576K
}
Event: 3873.494 GC heap after
{Heap after GC invocations=119 (full 4):
 garbage-first heap   total 225280K, used 90533K [0x0000000704800000, 0x0000000800000000)
  region size 2048K, 7 young (14336K), 7 survivors (14336K)
 Metaspace       used 127814K, committed 129664K, reserved 1179648K
  class space    used 15718K, committed 16576K, reserved 1048576K
}
Event: 3873.882 GC heap before
{Heap before GC invocations=120 (full 4):
 garbage-first heap   total 253952K, used 149925K [0x0000000704800000, 0x0000000800000000)
  region size 2048K, 10 young (20480K), 7 survivors (14336K)
 Metaspace       used 127844K, committed 129664K, reserved 1179648K
  class space    used 15719K, committed 16576K, reserved 1048576K
}
Event: 3873.971 GC heap after
{Heap after GC invocations=121 (full 5):
 garbage-first heap   total 219136K, used 59358K [0x0000000704800000, 0x0000000800000000)
  region size 2048K, 0 young (0K), 0 survivors (0K)
 Metaspace       used 127775K, committed 129664K, reserved 1179648K
  class space    used 15710K, committed 16576K, reserved 1048576K
}

