# JRE version: OpenJDK Runtime Environment Temurin-21.0.10+7 (21.0.10+7) (build 21.0.10+7-LTS)
# Java VM: OpenJDK 64-Bit Server VM Temurin-21.0.10+7 (21.0.10+7-LTS, mixed mode, sharing, tiered, compressed oops, compressed class ptrs, g1 gc, windows-amd64)
GC Precious Log:
 CardTable entry size: 512
 Card Set container configuration: InlinePtr #cards 4 size 8 Array Of Cards #cards 16 size 48 Howl #buckets 8 coarsen threshold 3686 Howl Bitmap #cards 512 size 80 coarsen threshold 460 Card regions per heap region 1 cards per card region 4096
 CPUs: 12 total, 12 available
 Memory: 16088M
 Large Page Support: Disabled
 NUMA Support: Disabled
 Compressed Oops: Enabled (Zero based)
 Heap Region Size: 2M
 Heap Min Capacity: 8M
 Heap Initial Capacity: 252M
 Heap Max Capacity: 4024M
 Pre-touch: Disabled
 Parallel Workers: 10
 Concurrent Workers: 3
 Concurrent Refinement Workers: 10
 Periodic GC: Disabled
Heap:
 garbage-first heap   total 235520K, used 110197K [0x0000000704800000, 0x0000000800000000)
  region size 2048K, 2 young (4096K), 2 survivors (4096K)
 Metaspace       used 100764K, committed 101888K, reserved 1179648K
  class space    used 13500K, committed 14016K, reserved 1048576K
GC Heap History (20 events):
Event: 8.628 GC heap after
{Heap after GC invocations=23 (full 0):
 garbage-first heap   total 110592K, used 51699K [0x0000000704800000, 0x0000000800000000)
  region size 2048K, 1 young (2048K), 1 survivors (2048K)
 Metaspace       used 85145K, committed 85888K, reserved 1179648K
  class space    used 11459K, committed 11776K, reserved 1048576K
}
Event: 8.683 GC heap before
{Heap before GC invocations=23 (full 0):
 garbage-first heap   total 110592K, used 96755K [0x0000000704800000, 0x0000000800000000)
  region size 2048K, 23 young (47104K), 1 survivors (2048K)
 Metaspace       used 85220K, committed 85952K, reserved 1179648K
  class space    used 11469K, committed 11776K, reserved 1048576K
}
Event: 8.687 GC heap after
{Heap after GC invocations=24 (full 0):
 garbage-first heap   total 110592K, used 51446K [0x0000000704800000, 0x0000000800000000)
  region size 2048K, 1 young (2048K), 1 survivors (2048K)
 Metaspace       used 85220K, committed 85952K, reserved 1179648K
  class space    used 11469K, committed 11776K, reserved 1048576K
}
Event: 8.777 GC heap before
{Heap before GC invocations=24 (full 0):
 garbage-first heap   total 110592K, used 98550K [0x0000000704800000, 0x0000000800000000)
  region size 2048K, 24 young (49152K), 1 survivors (2048K)
 Metaspace       used 85296K, committed 86016K, reserved 1179648K
  class space    used 11474K, committed 11776K, reserved 1048576K
}
Event: 8.779 GC heap after
{Heap after GC invocations=25 (full 0):
 garbage-first heap   total 110592K, used 52125K [0x0000000704800000, 0x0000000800000000)
  region size 2048K, 2 young (4096K), 2 survivors (4096K)
 Metaspace       used 85296K, committed 86016K, reserved 1179648K
  class space    used 11474K, committed 11776K, reserved 1048576K
}
Event: 8.903 GC heap before
{Heap before GC invocations=26 (full 0):
 garbage-first heap   total 110592K, used 99229K [0x0000000704800000, 0x0000000800000000)
  region size 2048K, 25 young (51200K), 2 survivors (4096K)
 Metaspace       used 85487K, committed 86208K, reserved 1179648K
  class space    used 11484K, committed 11776K, reserved 1048576K
}
Event: 8.905 GC heap after
{Heap after GC invocations=27 (full 0):
 garbage-first heap   total 110592K, used 53347K [0x0000000704800000, 0x0000000800000000)
  region size 2048K, 2 young (4096K), 2 survivors (4096K)
 Metaspace       used 85487K, committed 86208K, reserved 1179648K
  class space    used 11484K, committed 11776K, reserved 1048576K
}
Event: 9.332 GC heap before
{Heap before GC invocations=27 (full 0):
 garbage-first heap   total 110592K, used 100451K [0x0000000704800000, 0x0000000800000000)
  region size 2048K, 25 young (51200K), 2 survivors (4096K)
 Metaspace       used 88563K, committed 89344K, reserved 1179648K
  class space    used 11857K, committed 12224K, reserved 1048576K
}
Event: 9.336 GC heap after
{Heap after GC invocations=28 (full 0):
 garbage-first heap   total 112640K, used 57547K [0x0000000704800000, 0x0000000800000000)
  region size 2048K, 4 young (8192K), 4 survivors (8192K)
 Metaspace       used 88563K, committed 89344K, reserved 1179648K
  class space    used 11857K, committed 12224K, reserved 1048576K
}
Event: 9.433 GC heap before
{Heap before GC invocations=28 (full 0):
 garbage-first heap   total 112640K, used 100555K [0x0000000704800000, 0x0000000800000000)
  region size 2048K, 25 young (51200K), 4 survivors (8192K)
 Metaspace       used 88829K, committed 89728K, reserved 1179648K
  class space    used 11881K, committed 12288K, reserved 1048576K
}
Event: 9.438 GC heap after
{Heap after GC invocations=29 (full 0):
 garbage-first heap   total 116736K, used 62750K [0x0000000704800000, 0x0000000800000000)
  region size 2048K, 3 young (6144K), 3 survivors (6144K)
 Metaspace       used 88829K, committed 89728K, reserved 1179648K
  class space    used 11881K, committed 12288K, reserved 1048576K
}
Event: 9.897 GC heap before
{Heap before GC invocations=30 (full 0):
 garbage-first heap   total 116736K, used 101662K [0x0000000704800000, 0x0000000800000000)
  region size 2048K, 22 young (45056K), 3 survivors (6144K)
 Metaspace       used 91582K, committed 92480K, reserved 1179648K
  class space    used 12207K, committed 12608K, reserved 1048576K
}
Event: 9.901 GC heap after
{Heap after GC invocations=31 (full 0):
 garbage-first heap   total 116736K, used 65797K [0x0000000704800000, 0x0000000800000000)
  region size 2048K, 2 young (4096K), 2 survivors (4096K)
 Metaspace       used 91582K, committed 92480K, reserved 1179648K
  class space    used 12207K, committed 12608K, reserved 1048576K
}
Event: 10.383 GC heap before
{Heap before GC invocations=31 (full 0):
 garbage-first heap   total 116736K, used 104709K [0x0000000704800000, 0x0000000800000000)
  region size 2048K, 21 young (43008K), 2 survivors (4096K)
 Metaspace       used 95010K, committed 96064K, reserved 1179648K
  class space    used 12708K, committed 13184K, reserved 1048576K
}
Event: 10.387 GC heap after
{Heap after GC invocations=32 (full 0):
 garbage-first heap   total 116736K, used 67388K [0x0000000704800000, 0x0000000800000000)
  region size 2048K, 3 young (6144K), 3 survivors (6144K)
 Metaspace       used 95010K, committed 96064K, reserved 1179648K
  class space    used 12708K, committed 13184K, reserved 1048576K
}
Event: 22.932 GC heap before
{Heap before GC invocations=32 (full 0):
 garbage-first heap   total 116736K, used 104252K [0x0000000704800000, 0x0000000800000000)
  region size 2048K, 21 young (43008K), 3 survivors (6144K)
 Metaspace       used 99591K, committed 100672K, reserved 1179648K
  class space    used 13366K, committed 13888K, reserved 1048576K
}
Event: 22.937 GC heap after
{Heap after GC invocations=33 (full 0):
 garbage-first heap   total 116736K, used 69247K [0x0000000704800000, 0x0000000800000000)
  region size 2048K, 3 young (6144K), 3 survivors (6144K)
 Metaspace       used 99591K, committed 100672K, reserved 1179648K
  class space    used 13366K, committed 13888K, reserved 1048576K
}
Event: 23.665 GC heap before
{Heap before GC invocations=34 (full 0):
 garbage-first heap   total 120832K, used 104063K [0x0000000704800000, 0x0000000800000000)
  region size 2048K, 20 young (40960K), 3 survivors (6144K)
 Metaspace       used 100533K, committed 101568K, reserved 1179648K
  class space    used 13475K, committed 13952K, reserved 1048576K
}
Event: 23.678 GC heap after
{Heap after GC invocations=35 (full 0):
 garbage-first heap   total 137216K, used 94726K [0x0000000704800000, 0x0000000800000000)
  region size 2048K, 3 young (6144K), 3 survivors (6144K)
 Metaspace       used 100533K, committed 101568K, reserved 1179648K
  class space    used 13475K, committed 13952K, reserved 1048576K
}
Event: 23.871 GC heap before
{Heap before GC invocations=35 (full 0):
 garbage-first heap   total 217088K, used 213510K [0x0000000704800000, 0x0000000800000000)
  region size 2048K, 8 young (16384K), 3 survivors (6144K)
 Metaspace       used 100764K, committed 101888K, reserved 1179648K
  class space    used 13500K, committed 14016K, reserved 1048576K
}

